<?xml version="1.0" encoding="UTF-8"?>
<!-- Generated by org.testng.reporters.JUnitReportReporter -->
<testsuite hostname="LAPTOP-O1IA0A5B" failures="0" tests="23" name="runnerFiles.Runner_TestNG_pt2" time="142.360" errors="0" timestamp="2024-01-14T10:37:05 EST" skipped="0">
  <testcase classname="runnerFiles.Runner_TestNG_pt2" name="runScenario" time="7.452"/>
  <testcase classname="runnerFiles.Runner_TestNG_pt2" name="runScenario" time="5.590"/>
  <testcase classname="runnerFiles.Runner_TestNG_pt2" name="runScenario" time="5.823"/>
  <testcase classname="runnerFiles.Runner_TestNG_pt2" name="runScenario" time="8.892"/>
  <testcase classname="runnerFiles.Runner_TestNG_pt2" name="runScenario" time="5.749"/>
  <testcase classname="runnerFiles.Runner_TestNG_pt2" name="runScenario" time="5.090"/>
  <testcase classname="runnerFiles.Runner_TestNG_pt2" name="runScenario" time="5.270"/>
  <testcase classname="runnerFiles.Runner_TestNG_pt2" name="runScenario" time="6.377"/>
  <testcase classname="runnerFiles.Runner_TestNG_pt2" name="runScenario" time="7.458"/>
  <testcase classname="runnerFiles.Runner_TestNG_pt2" name="runScenario" time="5.175"/>
  <testcase classname="runnerFiles.Runner_TestNG_pt2" name="runScenario" time="6.476"/>
  <testcase classname="runnerFiles.Runner_TestNG_pt2" name="runScenario" time="5.744"/>
  <testcase classname="runnerFiles.Runner_TestNG_pt2" name="runScenario" time="7.596"/>
  <testcase classname="runnerFiles.Runner_TestNG_pt2" name="runScenario" time="7.105"/>
  <testcase classname="runnerFiles.Runner_TestNG_pt2" name="runScenario" time="4.776"/>
  <testcase classname="runnerFiles.Runner_TestNG_pt2" name="runScenario" time="4.961"/>
  <testcase classname="runnerFiles.Runner_TestNG_pt2" name="runScenario" time="7.185"/>
  <testcase classname="runnerFiles.Runner_TestNG_pt2" name="runScenario" time="5.745"/>
  <testcase classname="runnerFiles.Runner_TestNG_pt2" name="runScenario" time="5.826"/>
  <testcase classname="runnerFiles.Runner_TestNG_pt2" name="runScenario" time="5.533"/>
  <testcase classname="runnerFiles.Runner_TestNG_pt2" name="runScenario" time="6.912"/>
  <testcase classname="runnerFiles.Runner_TestNG_pt2" name="runScenario" time="5.782"/>
  <testcase classname="runnerFiles.Runner_TestNG_pt2" name="runScenario" time="5.843"/>
</testsuite> <!-- runnerFiles.Runner_TestNG_pt2 -->
