<?xml version="1.0" encoding="UTF-8"?>
<!-- Generated by org.testng.reporters.JUnitReportReporter -->
<testsuite hostname="LAPTOP-O1IA0A5B" failures="0" tests="5" name="runnerFiles.Runner_TestNG" time="36.126" errors="0" timestamp="2024-01-09T08:16:27 EST" skipped="0">
  <testcase classname="runnerFiles.Runner_TestNG" name="runScenario" time="7.719"/>
  <testcase classname="runnerFiles.Runner_TestNG" name="runScenario" time="6.237"/>
  <testcase classname="runnerFiles.Runner_TestNG" name="runScenario" time="6.030"/>
  <testcase classname="runnerFiles.Runner_TestNG" name="runScenario" time="8.815"/>
  <testcase classname="runnerFiles.Runner_TestNG" name="runScenario" time="7.325"/>
</testsuite> <!-- runnerFiles.Runner_TestNG -->
